[ 10/08/2025-17:19:33 ] [ _.All._ ] ERRO NA ROTA /canvas/ping2

TypeError: Invalid URL
[ 10/08/2025-17:33:56 ] [ _.All._ ] ERRO NA ROTA /canvas/bemvindo2

ReferenceError: gerarBemVindo2 is not defined
[ 10/08/2025-17:33:56 ] [ _.All._ ] ERRO NA ROTA /canvas/bemvindo2

ReferenceError: gerarBemVindo2 is not defined
[ 10/08/2025-17:34:36 ] [ _.All._ ] ERRO NA ROTA /canvas/bemvindo2

ReferenceError: gerarbemVindo2 is not defined
[ 10/08/2025-17:34:37 ] [ _.All._ ] ERRO NA ROTA /canvas/bemvindo2

ReferenceError: gerarbemVindo2 is not defined
[ 10/08/2025-17:35:34 ] [ _.All._ ] ERRO NA ROTA /canvas/bemvindo2

ReferenceError: gerarbemVindo2 is not defined
[ 10/08/2025-17:36:58 ] [ _.All._ ] ERRO NA ROTA /canvas/bemvindo2

ReferenceError: gerarbemVindo2 is not defined
[ 10/08/2025-17:36:59 ] [ _.All._ ] ERRO NA ROTA /canvas/bemvindo2

ReferenceError: gerarbemVindo2 is not defined
[ 10/08/2025-17:37:54 ] [ _.All._ ] ERRO NA ROTA /canvas/bemvindo2

Error: Invalid argument
[ 10/08/2025-17:37:55 ] [ _.All._ ] ERRO NA ROTA /canvas/bemvindo2

Error: Invalid argument
